City Simulation Log.
#EM [timeISO] [severity] [coordXkm] [coordYkm] [district_code] [em_identifier]
#AM [timeISO] [severity] [hosp_origin] [hosp_destination] [tobjective] [thospital] [reward] [em_identifier]
Reset 2020-01-01T00:00:00 2024-12-31T23:59:59
EM 2020-01-01T00:10:00 2 -1.11939862 -8.77770001 17 1
EM 2020-01-01T00:10:00 4 2.57938662 4.41755212 5 1
AM 2020-01-01T00:10:00 4 9 9 2020-01-01T00:12:15.823689 2020-01-01T00:14:31.647378 1
AM 2020-01-01T00:10:00 2 4 4 2020-01-01T00:14:40.862132 2020-01-01T00:19:21.724264 1
EM 2020-01-01T00:20:00 1 -0.86903285 -5.66287421 12 1
EM 2020-01-01T00:20:00 3 5.90548315 21.78630290 8 1
AM 2020-01-01T00:20:00 3 12 5 2020-01-01T00:35:21.199059 2020-01-01T00:45:56.536188 1
AM 2020-01-01T00:20:00 1 4 4 2020-01-01T00:21:50.911225 2020-01-01T00:23:41.822450 1
EM 2020-01-01T00:25:00 4 9.68310698 -8.44402627 18 2
AM 2020-01-01T00:25:00 4 7 14 2020-01-01T00:31:36.513981 2020-01-01T00:37:41.606288 2
EM 2020-01-01T00:30:00 2 -0.07367943 -2.13499197 2 2
EM 2020-01-01T00:30:00 4 0.63352503 0.25437421 1 3
AM 2020-01-01T00:30:00 4 11 11 2020-01-01T00:31:43.075862 2020-01-01T00:33:26.151724 3
AM 2020-01-01T00:30:00 2 4 4 2020-01-01T00:32:19.935491 2020-01-01T00:34:39.870982 2
EM 2020-01-01T00:40:00 2 0.86898929 4.87623143 6 3
AM 2020-01-01T00:40:00 2 8 8 2020-01-01T00:42:43.695350 2020-01-01T00:45:27.390700 3
EM 2020-01-01T00:45:00 2 0.18117986 -1.61566145 2 4
AM 2020-01-01T00:45:00 2 11 11 2020-01-01T00:47:49.264534 2020-01-01T00:50:38.529068 4
EM 2020-01-01T00:50:00 1 2.58478900 5.11235727 5 2
AM 2020-01-01T00:50:00 1 8 8 2020-01-01T00:52:53.947646 2020-01-01T00:55:47.895292 2
EM 2020-01-01T01:00:00 1 11.35151884 3.27942491 20 3
EM 2020-01-01T01:00:00 2 0.60139831 0.04874831 1 5
AM 2020-01-01T01:00:00 2 11 11 2020-01-01T01:01:42.126343 2020-01-01T01:03:24.252686 5
AM 2020-01-01T01:00:00 1 7 7 2020-01-01T01:08:03.572449 2020-01-01T01:16:07.144898 3
EM 2020-01-01T01:05:00 1 1.86295045 -6.65090710 17 4
EM 2020-01-01T01:05:00 2 -0.18209692 -3.11867579 12 6
AM 2020-01-01T01:05:00 2 4 4 2020-01-01T01:06:16.313377 2020-01-01T01:07:32.626754 6
AM 2020-01-01T01:05:00 1 4 4 2020-01-01T01:08:06.230222 2020-01-01T01:11:12.460444 4
EM 2020-01-01T01:15:00 2 -3.33215955 -5.12798834 11 7
AM 2020-01-01T01:15:00 2 1 1 2020-01-01T01:17:34.155651 2020-01-01T01:20:08.311302 7
EM 2020-01-01T01:25:00 4 1.91548540 1.82047606 4 4
AM 2020-01-01T01:25:00 4 9 9 2020-01-01T01:25:29.766076 2020-01-01T01:25:59.532152 4
EM 2020-01-01T01:50:00 1 4.20856548 8.53344639 16 5
AM 2020-01-01T01:50:00 1 8 8 2020-01-01T01:53:22.045946 2020-01-01T01:56:44.091892 5
EM 2020-01-01T01:55:00 2 -7.20616866 6.03031520 9 8
EM 2020-01-01T01:55:00 5 -2.06570131 -5.18242994 11 1
AM 2020-01-01T01:55:00 5 4 4 2020-01-01T01:57:31.482844 2020-01-01T02:00:02.965688 1
AM 2020-01-01T01:55:00 2 2 10 2020-01-01T02:01:46.786689 2020-01-01T02:07:57.877677 8
EM 2020-01-01T02:10:00 5 4.68021417 3.81658194 15 2
AM 2020-01-01T02:10:00 5 9 9 2020-01-01T02:13:07.109472 2020-01-01T02:16:14.218944 2
EM 2020-01-01T02:15:00 3 -1.90086898 -4.50926149 11 2
EM 2020-01-01T02:15:00 3 -1.66262066 3.12844845 9 3
AM 2020-01-01T02:15:00 3 4 4 2020-01-01T02:17:08.778519 2020-01-01T02:19:17.557038 2
AM 2020-01-01T02:15:00 3 2 2 2020-01-01T02:15:12.792177 2020-01-01T02:15:25.584354 3
EM 2020-01-01T02:20:00 2 -8.08639357 -3.60722062 10 9
EM 2020-01-01T02:20:00 4 1.50825314 -0.60156496 3 5
AM 2020-01-01T02:20:00 4 11 11 2020-01-01T02:20:54.438697 2020-01-01T02:21:48.877394 5
AM 2020-01-01T02:20:00 2 1 1 2020-01-01T02:24:29.970617 2020-01-01T02:28:59.941234 9
EM 2020-01-01T02:25:00 4 -0.04636942 4.65444755 6 6
AM 2020-01-01T02:25:00 4 2 2 2020-01-01T02:27:25.441291 2020-01-01T02:29:50.882582 6
EM 2020-01-01T02:30:00 5 -0.25723773 0.44039138 1 3
AM 2020-01-01T02:30:00 5 11 11 2020-01-01T02:32:36.571643 2020-01-01T02:35:13.143286 3
EM 2020-01-01T02:45:00 2 3.46046063 -3.58670825 13 10
AM 2020-01-01T02:45:00 2 4 4 2020-01-01T02:48:32.496661 2020-01-01T02:52:04.993322 10
EM 2020-01-01T03:00:00 2 7.12932020 8.29078973 16 11
AM 2020-01-01T03:00:00 2 8 8 2020-01-01T03:06:10.607750 2020-01-01T03:12:21.215500 11
EM 2020-01-01T03:05:00 5 -0.08201229 1.74632706 7 4
AM 2020-01-01T03:05:00 5 3 3 2020-01-01T03:06:54.040298 2020-01-01T03:08:48.080596 4
EM 2020-01-01T03:25:00 2 9.60646947 0.38528301 20 12
AM 2020-01-01T03:25:00 2 7 7 2020-01-01T03:29:24.496272 2020-01-01T03:33:48.992544 12
EM 2020-01-01T03:40:00 1 0.05796458 0.41192079 1 6
EM 2020-01-01T03:40:00 2 2.38996829 -3.45004240 13 13
EM 2020-01-01T03:40:00 4 -4.57893470 -5.36521176 11 7
AM 2020-01-01T03:40:00 4 1 1 2020-01-01T03:42:47.830357 2020-01-01T03:45:35.660714 7
AM 2020-01-01T03:40:00 2 4 4 2020-01-01T03:42:28.301983 2020-01-01T03:44:56.603966 13
AM 2020-01-01T03:40:00 1 11 11 2020-01-01T03:42:13.942237 2020-01-01T03:44:27.884474 6
EM 2020-01-01T03:55:00 5 3.62933707 4.44896789 15 5
AM 2020-01-01T03:55:00 5 9 9 2020-01-01T03:57:45.491844 2020-01-01T04:00:30.983688 5
EM 2020-01-01T04:10:00 2 1.22465696 0.84674426 1 14
AM 2020-01-01T04:10:00 2 11 11 2020-01-01T04:11:16.780693 2020-01-01T04:12:33.561386 14
EM 2020-01-01T04:30:00 4 3.92230283 2.10447624 15 8
AM 2020-01-01T04:30:00 4 9 9 2020-01-01T04:31:48.295783 2020-01-01T04:33:36.591566 8
EM 2020-01-01T04:40:00 2 2.03408184 -4.47693244 13 15
EM 2020-01-01T04:40:00 2 1.51082997 5.64128779 5 16
AM 2020-01-01T04:40:00 2 4 4 2020-01-01T04:41:57.812384 2020-01-01T04:43:55.624768 15
AM 2020-01-01T04:40:00 2 8 8 2020-01-01T04:41:51.200306 2020-01-01T04:43:42.400612 16
EM 2020-01-01T05:00:00 1 4.40114612 8.05651670 16 7
EM 2020-01-01T05:00:00 2 2.49218312 -2.92360328 13 17
AM 2020-01-01T05:00:00 2 4 4 2020-01-01T05:02:48.092422 2020-01-01T05:05:36.184844 17
AM 2020-01-01T05:00:00 1 8 8 2020-01-01T05:03:23.530106 2020-01-01T05:06:47.060212 7
EM 2020-01-01T05:05:00 4 3.95129200 -3.60240548 13 9
AM 2020-01-01T05:05:00 4 14 14 2020-01-01T05:08:07.621295 2020-01-01T05:11:15.242590 9
EM 2020-01-01T05:30:00 2 -4.60659093 -4.83024089 11 18
EM 2020-01-01T05:30:00 4 1.10182879 0.49603542 1 10
AM 2020-01-01T05:30:00 4 11 11 2020-01-01T05:31:10.396233 2020-01-01T05:32:20.792466 10
AM 2020-01-01T05:30:00 2 1 1 2020-01-01T05:32:17.144963 2020-01-01T05:34:34.397025 18
EM 2020-01-01T05:55:00 4 -12.07956812 10.91135006 8 11
AM 2020-01-01T05:55:00 4 10 10 2020-01-01T06:08:06.672473 2020-01-01T06:21:13.344946 11
EM 2020-01-01T06:15:00 1 -5.46685245 -5.22236047 10 8
AM 2020-01-01T06:15:00 1 1 1 2020-01-01T06:18:08.444662 2020-01-01T06:21:16.990735 8
EM 2020-01-01T06:25:00 2 2.63021497 1.97145079 4 19
AM 2020-01-01T06:25:00 2 9 9 2020-01-01T06:25:31.691455 2020-01-01T06:26:03.382910 19
EM 2020-01-01T06:30:00 2 4.24038859 2.42229347 15 20
AM 2020-01-01T06:30:00 2 9 9 2020-01-01T06:32:13.977667 2020-01-01T06:34:27.955334 20
EM 2020-01-01T06:50:00 3 -0.31603423 -4.86765772 12 4
AM 2020-01-01T06:50:00 3 4 4 2020-01-01T06:50:50.603668 2020-01-01T06:51:41.207336 4
EM 2020-01-01T07:05:00 1 0.67347812 2.25009763 7 9
EM 2020-01-01T07:05:00 2 0.65718576 0.06301861 1 21
AM 2020-01-01T07:05:00 2 11 11 2020-01-01T07:06:41.535493 2020-01-01T07:08:23.070986 21
AM 2020-01-01T07:05:00 1 9 9 2020-01-01T07:06:42.224444 2020-01-01T07:08:24.448888 9
EM 2020-01-01T07:15:00 5 -2.04939733 14.47005071 8 6
AM 2020-01-01T07:15:00 5 5 5 2020-01-01T07:18:27.423181 2020-01-01T07:21:54.846362 6
EM 2020-01-01T07:25:00 2 0.36750144 0.11062315 1 22
EM 2020-01-01T07:25:00 4 -0.61597650 -0.15157415 1 12
AM 2020-01-01T07:25:00 4 11 11 2020-01-01T07:28:21.218812 2020-01-01T07:31:42.437624 12
AM 2020-01-01T07:25:00 2 6 6 2020-01-01T07:27:38.051158 2020-01-01T07:30:19.797800 22
EM 2020-01-01T07:35:00 1 -5.31912217 5.49057193 9 10
AM 2020-01-01T07:35:00 1 10 10 2020-01-01T07:40:04.088746 2020-01-01T07:45:08.177492 10
EM 2020-01-01T07:45:00 1 4.16821845 1.73100628 15 11
AM 2020-01-01T07:45:00 1 6 13 2020-01-01T07:47:32.399712 2020-01-01T07:49:54.531391 11
EM 2020-01-01T08:00:00 5 -5.14622357 9.75990282 8 7
AM 2020-01-01T08:00:00 5 12 12 2020-01-01T08:07:14.229161 2020-01-01T08:14:28.458322 7
EM 2020-01-01T08:05:00 1 0.19020811 0.59298238 1 12
AM 2020-01-01T08:05:00 1 11 11 2020-01-01T08:07:43.369702 2020-01-01T08:10:26.739404 12
EM 2020-01-01T08:15:00 1 -0.31394796 1.09314584 1 13
EM 2020-01-01T08:15:00 5 0.34830983 -0.99761175 1 8
AM 2020-01-01T08:15:00 5 6 6 2020-01-01T08:18:48.042719 2020-01-01T08:22:36.085438 8
AM 2020-01-01T08:15:00 1 3 3 2020-01-01T08:17:42.802705 2020-01-01T08:20:25.605410 13
EM 2020-01-01T08:20:00 3 0.28472813 0.18670889 1 5
EM 2020-01-01T08:20:00 4 -13.19880564 16.32383995 8 13
